2025-07-05 12:29:41,770 - __main__ - INFO - Setting up datasets...
2025-07-05 12:30:30,263 - __main__ - INFO - Setting up datasets...
2025-07-05 12:50:30,327 - __main__ - INFO - Setting up datasets...
2025-07-05 12:50:30,346 - __main__ - INFO - Training samples: 8000
2025-07-05 12:50:30,346 - __main__ - INFO - Validation samples: 1000
2025-07-05 12:50:30,347 - __main__ - INFO - Modulation classes: ['8psk', 'bpsk', 'qam16', 'qam64', 'qpsk']
2025-07-05 12:50:30,347 - __main__ - INFO - Jamming types: ['barrage', 'chirp', 'multi_tone', 'none', 'pulse', 'sweep', 'tone']
2025-07-05 12:50:30,347 - __main__ - INFO - Setting up model...
2025-07-05 12:50:30,614 - __main__ - INFO - Compiling model with PyTorch 2.0...
2025-07-05 12:50:32,864 - __main__ - INFO - Model parameters: 4,233,646 total, 4,233,646 trainable
2025-07-05 12:52:33,711 - __main__ - INFO - Setting up datasets...
2025-07-05 12:52:33,723 - __main__ - INFO - Training samples: 8000
2025-07-05 12:52:33,723 - __main__ - INFO - Validation samples: 1000
2025-07-05 12:52:33,723 - __main__ - INFO - Modulation classes: ['8psk', 'bpsk', 'qam16', 'qam64', 'qpsk']
2025-07-05 12:52:33,723 - __main__ - INFO - Jamming types: ['barrage', 'chirp', 'multi_tone', 'none', 'pulse', 'sweep', 'tone']
2025-07-05 12:52:33,723 - __main__ - INFO - Setting up model...
2025-07-05 12:52:33,987 - __main__ - INFO - Compiling model with PyTorch 2.0...
2025-07-05 12:52:36,397 - __main__ - INFO - Model parameters: 4,233,646 total, 4,233,646 trainable
2025-07-05 12:53:29,159 - __main__ - INFO - Setting up datasets...
2025-07-05 12:53:29,169 - __main__ - INFO - Training samples: 8000
2025-07-05 12:53:29,169 - __main__ - INFO - Validation samples: 1000
2025-07-05 12:53:29,169 - __main__ - INFO - Modulation classes: ['8psk', 'bpsk', 'qam16', 'qam64', 'qpsk']
2025-07-05 12:53:29,169 - __main__ - INFO - Jamming types: ['barrage', 'chirp', 'multi_tone', 'none', 'pulse', 'sweep', 'tone']
2025-07-05 12:53:29,169 - __main__ - INFO - Setting up model...
2025-07-05 12:53:29,412 - __main__ - INFO - Compiling model with PyTorch 2.0...
2025-07-05 12:53:31,195 - __main__ - INFO - Model parameters: 4,233,646 total, 4,233,646 trainable
2025-07-05 12:53:31,196 - __main__ - INFO - Using adamw optimizer with cosine scheduler
2025-07-05 12:53:31,196 - __main__ - INFO - Starting training for 100 epochs...
2025-07-05 12:53:31,196 - __main__ - INFO - Device: cuda
2025-07-05 12:53:31,196 - __main__ - INFO - Batch size: 1024
2025-07-05 12:53:31,196 - __main__ - INFO - Mixed precision: True
2025-07-05 12:55:19,459 - __main__ - INFO - Setting up datasets...
2025-07-05 12:55:19,469 - __main__ - INFO - Training samples: 8000
2025-07-05 12:55:19,469 - __main__ - INFO - Validation samples: 1000
2025-07-05 12:55:19,469 - __main__ - INFO - Modulation classes: ['8psk', 'bpsk', 'qam16', 'qam64', 'qpsk']
2025-07-05 12:55:19,469 - __main__ - INFO - Jamming types: ['barrage', 'chirp', 'multi_tone', 'none', 'pulse', 'sweep', 'tone']
2025-07-05 12:55:19,469 - __main__ - INFO - Setting up model...
2025-07-05 12:55:19,736 - __main__ - INFO - Compiling model with PyTorch 2.0...
2025-07-05 12:55:21,524 - __main__ - INFO - Model parameters: 4,233,646 total, 4,233,646 trainable
2025-07-05 12:55:21,525 - __main__ - INFO - Using adamw optimizer with cosine scheduler
2025-07-05 12:55:21,525 - __main__ - INFO - Starting training for 100 epochs...
2025-07-05 12:55:21,525 - __main__ - INFO - Device: cuda
2025-07-05 12:55:21,525 - __main__ - INFO - Batch size: 1024
2025-07-05 12:55:21,525 - __main__ - INFO - Mixed precision: True
2025-07-05 12:56:59,829 - __main__ - INFO - Setting up datasets...
2025-07-05 12:56:59,839 - __main__ - INFO - Training samples: 8000
2025-07-05 12:56:59,839 - __main__ - INFO - Validation samples: 1000
2025-07-05 12:56:59,839 - __main__ - INFO - Modulation classes: ['8psk', 'bpsk', 'qam16', 'qam64', 'qpsk']
2025-07-05 12:56:59,840 - __main__ - INFO - Jamming types: ['barrage', 'chirp', 'multi_tone', 'none', 'pulse', 'sweep', 'tone']
2025-07-05 12:56:59,840 - __main__ - INFO - Setting up model...
2025-07-05 12:57:00,078 - __main__ - INFO - Compiling model with PyTorch 2.0...
2025-07-05 12:57:01,867 - __main__ - INFO - Model parameters: 4,233,646 total, 4,233,646 trainable
2025-07-05 12:57:01,867 - __main__ - INFO - Using adamw optimizer with cosine scheduler
2025-07-05 12:57:01,867 - __main__ - INFO - Starting training for 100 epochs...
2025-07-05 12:57:01,867 - __main__ - INFO - Device: cuda
2025-07-05 12:57:01,867 - __main__ - INFO - Batch size: 1024
2025-07-05 12:57:01,867 - __main__ - INFO - Mixed precision: True
2025-07-05 12:57:11,293 - __main__ - INFO - Epoch 1, Batch 0/8, Loss: 2.5535
2025-07-05 12:57:18,784 - __main__ - INFO - Epoch 1 Training - Loss: 1.2084, Mod Acc: 0.8061, Jam Acc: 0.7896, Time: 16.9s
2025-07-05 12:57:21,354 - __main__ - INFO - Epoch 1 Validation - Loss: 18.4914, Mod Acc: 0.0000, Mod F1: 0.0000, Jam Acc: 0.2920
2025-07-05 12:57:21,695 - __main__ - INFO - Epoch 2, Batch 0/8, Loss: 0.2906
2025-07-05 12:57:21,879 - __main__ - INFO - Epoch 2 Training - Loss: 0.1862, Mod Acc: 0.9731, Jam Acc: 0.9906, Time: 0.5s
2025-07-05 12:57:22,072 - __main__ - INFO - Epoch 2 Validation - Loss: 38.2941, Mod Acc: 0.0000, Mod F1: 0.0000, Jam Acc: 0.2920
2025-07-05 12:57:22,410 - __main__ - INFO - Epoch 3, Batch 0/8, Loss: 0.0982
2025-07-05 12:57:22,586 - __main__ - INFO - Epoch 3 Training - Loss: 0.1079, Mod Acc: 0.9885, Jam Acc: 0.9971, Time: 0.5s
2025-07-05 12:57:22,773 - __main__ - INFO - Epoch 3 Validation - Loss: 50.2903, Mod Acc: 0.0000, Mod F1: 0.0000, Jam Acc: 0.2920
2025-07-05 12:57:23,078 - __main__ - INFO - Epoch 4, Batch 0/8, Loss: 0.0894
2025-07-05 12:57:23,262 - __main__ - INFO - Epoch 4 Training - Loss: 0.0574, Mod Acc: 0.9935, Jam Acc: 0.9981, Time: 0.5s
2025-07-05 12:57:23,443 - __main__ - INFO - Epoch 4 Validation - Loss: 50.9960, Mod Acc: 0.0000, Mod F1: 0.0000, Jam Acc: 0.2920
2025-07-05 12:57:23,806 - __main__ - INFO - Epoch 5, Batch 0/8, Loss: 0.0370
2025-07-05 12:57:23,984 - __main__ - INFO - Epoch 5 Training - Loss: 0.0339, Mod Acc: 0.9975, Jam Acc: 0.9981, Time: 0.5s
2025-07-05 12:57:24,164 - __main__ - INFO - Epoch 5 Validation - Loss: 52.7321, Mod Acc: 0.0000, Mod F1: 0.0000, Jam Acc: 0.2920
2025-07-05 12:57:24,475 - __main__ - INFO - Epoch 6, Batch 0/8, Loss: 0.0310
2025-07-05 12:57:24,654 - __main__ - INFO - Epoch 6 Training - Loss: 0.0254, Mod Acc: 0.9994, Jam Acc: 0.9958, Time: 0.5s
2025-07-05 12:57:24,839 - __main__ - INFO - Epoch 6 Validation - Loss: 52.6217, Mod Acc: 0.0000, Mod F1: 0.0000, Jam Acc: 0.2920
2025-07-05 12:57:25,144 - __main__ - INFO - Epoch 7, Batch 0/8, Loss: 0.0288
2025-07-05 12:57:25,316 - __main__ - INFO - Epoch 7 Training - Loss: 0.0151, Mod Acc: 0.9992, Jam Acc: 0.9971, Time: 0.5s
2025-07-05 12:57:25,497 - __main__ - INFO - Epoch 7 Validation - Loss: 51.6234, Mod Acc: 0.0000, Mod F1: 0.0000, Jam Acc: 0.2920
2025-07-05 12:57:25,835 - __main__ - INFO - Epoch 8, Batch 0/8, Loss: 0.0078
2025-07-05 12:57:26,014 - __main__ - INFO - Epoch 8 Training - Loss: 0.0100, Mod Acc: 0.9999, Jam Acc: 0.9998, Time: 0.5s
2025-07-05 12:57:26,195 - __main__ - INFO - Epoch 8 Validation - Loss: 55.0024, Mod Acc: 0.0000, Mod F1: 0.0000, Jam Acc: 0.2920
2025-07-05 12:57:26,534 - __main__ - INFO - Epoch 9, Batch 0/8, Loss: 0.0074
2025-07-05 12:57:26,707 - __main__ - INFO - Epoch 9 Training - Loss: 0.0089, Mod Acc: 0.9998, Jam Acc: 0.9999, Time: 0.5s
2025-07-05 12:57:26,898 - __main__ - INFO - Epoch 9 Validation - Loss: 58.8350, Mod Acc: 0.0000, Mod F1: 0.0000, Jam Acc: 0.2920
2025-07-05 12:57:27,236 - __main__ - INFO - Epoch 10, Batch 0/8, Loss: 0.0025
2025-07-05 12:57:27,411 - __main__ - INFO - Epoch 10 Training - Loss: 0.0091, Mod Acc: 1.0000, Jam Acc: 1.0000, Time: 0.5s
2025-07-05 12:57:27,592 - __main__ - INFO - Epoch 10 Validation - Loss: 59.4376, Mod Acc: 0.0000, Mod F1: 0.0000, Jam Acc: 0.2920
2025-07-05 12:57:27,595 - __main__ - INFO - Modulation Confusion Matrix:
[[  0   0   0   0   0]
 [  0   0   0   0   0]
 [  0   0   0   0   0]
 [774  68 150   0   8]
 [  0   0   0   0   0]]
2025-07-05 12:57:28,089 - __main__ - INFO - Epoch 11, Batch 0/8, Loss: 0.0094
2025-07-05 12:57:28,268 - __main__ - INFO - Epoch 11 Training - Loss: 0.0075, Mod Acc: 1.0000, Jam Acc: 1.0000, Time: 0.5s
2025-07-05 12:57:28,450 - __main__ - INFO - Epoch 11 Validation - Loss: 60.8841, Mod Acc: 0.0000, Mod F1: 0.0000, Jam Acc: 0.2920
2025-07-05 12:57:28,777 - __main__ - INFO - Epoch 12, Batch 0/8, Loss: 0.0110
2025-07-05 12:57:28,954 - __main__ - INFO - Epoch 12 Training - Loss: 0.0084, Mod Acc: 1.0000, Jam Acc: 1.0000, Time: 0.5s
2025-07-05 12:57:29,140 - __main__ - INFO - Epoch 12 Validation - Loss: 60.5768, Mod Acc: 0.0000, Mod F1: 0.0000, Jam Acc: 0.2920
2025-07-05 12:57:29,465 - __main__ - INFO - Epoch 13, Batch 0/8, Loss: 0.0018
2025-07-05 12:57:29,639 - __main__ - INFO - Epoch 13 Training - Loss: 0.0087, Mod Acc: 1.0000, Jam Acc: 1.0000, Time: 0.5s
2025-07-05 12:57:29,820 - __main__ - INFO - Epoch 13 Validation - Loss: 58.6672, Mod Acc: 0.0000, Mod F1: 0.0000, Jam Acc: 0.2920
2025-07-05 12:57:30,195 - __main__ - INFO - Epoch 14, Batch 0/8, Loss: 0.0030
2025-07-05 12:57:30,371 - __main__ - INFO - Epoch 14 Training - Loss: 0.0047, Mod Acc: 1.0000, Jam Acc: 1.0000, Time: 0.5s
2025-07-05 12:57:30,550 - __main__ - INFO - Epoch 14 Validation - Loss: 57.4795, Mod Acc: 0.0000, Mod F1: 0.0000, Jam Acc: 0.2920
2025-07-05 12:57:30,858 - __main__ - INFO - Epoch 15, Batch 0/8, Loss: 0.0017
2025-07-05 12:57:31,047 - __main__ - INFO - Epoch 15 Training - Loss: 0.0033, Mod Acc: 0.9999, Jam Acc: 1.0000, Time: 0.5s
2025-07-05 12:57:31,232 - __main__ - INFO - Epoch 15 Validation - Loss: 57.9385, Mod Acc: 0.0000, Mod F1: 0.0000, Jam Acc: 0.2920
2025-07-05 12:57:31,233 - __main__ - INFO - Early stopping triggered after 15 epochs without improvement
2025-07-05 12:59:31,044 - __main__ - INFO - Setting up datasets...
2025-07-05 12:59:31,057 - __main__ - INFO - Training samples: 8000
2025-07-05 12:59:31,058 - __main__ - INFO - Validation samples: 1000
2025-07-05 12:59:31,058 - __main__ - INFO - Modulation classes: ['8psk', 'bpsk', 'qam16', 'qam64', 'qpsk']
2025-07-05 12:59:31,058 - __main__ - INFO - Jamming types: ['barrage', 'chirp', 'multi_tone', 'none', 'pulse', 'sweep', 'tone']
2025-07-05 12:59:31,058 - __main__ - INFO - Setting up model...
2025-07-05 12:59:31,307 - __main__ - INFO - Model parameters: 4,233,646 total, 4,233,646 trainable
2025-07-05 12:59:32,237 - __main__ - INFO - Using adamw optimizer with cosine scheduler
2025-07-05 12:59:32,237 - __main__ - INFO - Starting training for 1 epochs...
2025-07-05 12:59:32,237 - __main__ - INFO - Device: cuda
2025-07-05 12:59:32,237 - __main__ - INFO - Batch size: 1024
2025-07-05 12:59:32,238 - __main__ - INFO - Mixed precision: True
2025-07-05 12:59:33,799 - __main__ - INFO - Epoch 1, Batch 0/8, Loss: 2.5475
2025-07-05 12:59:34,052 - __main__ - INFO - Epoch 1 Training - Loss: 1.0774, Mod Acc: 0.8520, Jam Acc: 0.8041, Time: 1.8s
2025-07-05 12:59:34,517 - __main__ - INFO - Epoch 1 Validation - Loss: 21.9041, Mod Acc: 0.0000, Mod F1: 0.0000, Jam Acc: 0.2920
2025-07-05 12:59:34,886 - __main__ - INFO - Saved TorchScript model to deployments/production/rfml_production_cnn.pt
2025-07-05 12:59:34,887 - __main__ - INFO - Saved class mapping files
2025-07-05 12:59:34,887 - __main__ - INFO - Training completed!
